<?xml version="1.0" encoding="UTF-8"?>
<!-- Generated by org.testng.reporters.JUnitXMLReporter -->
<testsuite ignored="0" hostname="DESKTOP-RRJ270U" failures="0" tests="2" name="Login Test on browser 1" time="21.188" errors="0" timestamp="2023-06-17T20:29:34 ICT">
  <testcase classname="quangtester.testcase.DashboardTest" name="openSideBarMenu" time="14.217"/>
  <testcase classname="quangtester.testcase.DashboardTest" name="openVieonTier" time="16.385"/>
</testsuite> <!-- Login Test on browser 1 -->
