<?xml version="1.0" encoding="UTF-8"?>
<testng-results ignored="0" total="8" passed="7" failed="1" skipped="0">
  <reporter-output>
  </reporter-output>
  <suite started-at="2023-06-17T20:29:12 ICT" name="Test Login" finished-at="2023-06-17T20:29:34 ICT" duration-ms="21608">
    <groups>
    </groups>
    <test started-at="2023-06-17T20:29:12 ICT" name="Login Test on browser 1" finished-at="2023-06-17T20:29:33 ICT" duration-ms="21188">
      <class name="quangtester.testcase.DashboardTest">
        <test-method is-config="true" signature="createDriver(java.lang.String)[pri:0, instance:quangtester.testcase.DashboardTest@15923407]" started-at="2023-06-17T20:29:12 ICT" name="createDriver" finished-at="2023-06-17T20:29:16 ICT" duration-ms="3988" status="PASS">
          <params>
            <param index="0">
              <value>
                <![CDATA[Chrome]]>
              </value>
            </param>
          </params>
          <reporter-output>
          </reporter-output>
        </test-method> <!-- createDriver -->
        <test-method is-config="true" signature="createDriver(java.lang.String)[pri:0, instance:quangtester.testcase.DashboardTest@15923407]" started-at="2023-06-17T20:29:12 ICT" name="createDriver" finished-at="2023-06-17T20:29:16 ICT" duration-ms="3989" status="PASS">
          <params>
            <param index="0">
              <value>
                <![CDATA[Chrome]]>
              </value>
            </param>
          </params>
          <reporter-output>
          </reporter-output>
        </test-method> <!-- createDriver -->
        <test-method signature="openVieonTier()[pri:0, instance:quangtester.testcase.DashboardTest@15923407]" started-at="2023-06-17T20:29:16 ICT" name="openVieonTier" finished-at="2023-06-17T20:29:33 ICT" duration-ms="16385" status="PASS">
          <reporter-output>
          </reporter-output>
        </test-method> <!-- openVieonTier -->
        <test-method signature="openSideBarMenu()[pri:0, instance:quangtester.testcase.DashboardTest@15923407]" started-at="2023-06-17T20:29:16 ICT" name="openSideBarMenu" finished-at="2023-06-17T20:29:31 ICT" duration-ms="14217" status="PASS">
          <reporter-output>
          </reporter-output>
        </test-method> <!-- openSideBarMenu -->
        <test-method is-config="true" signature="closeDriver()[pri:0, instance:quangtester.testcase.DashboardTest@15923407]" started-at="2023-06-17T20:29:31 ICT" name="closeDriver" finished-at="2023-06-17T20:29:31 ICT" duration-ms="630" status="PASS">
          <reporter-output>
          </reporter-output>
        </test-method> <!-- closeDriver -->
        <test-method is-config="true" signature="closeDriver()[pri:0, instance:quangtester.testcase.DashboardTest@15923407]" started-at="2023-06-17T20:29:33 ICT" name="closeDriver" finished-at="2023-06-17T20:29:33 ICT" duration-ms="617" status="PASS">
          <reporter-output>
          </reporter-output>
        </test-method> <!-- closeDriver -->
      </class> <!-- quangtester.testcase.DashboardTest -->
    </test> <!-- Login Test on browser 1 -->
    <test started-at="2023-06-17T20:29:12 ICT" name="Login Test on browser" finished-at="2023-06-17T20:29:34 ICT" duration-ms="21608">
      <class name="quangtester.testcase.LoginTest">
        <test-method is-config="true" signature="createDriver(java.lang.String)[pri:0, instance:quangtester.testcase.LoginTest@997d532]" started-at="2023-06-17T20:29:12 ICT" name="createDriver" finished-at="2023-06-17T20:29:16 ICT" duration-ms="3971" status="PASS">
          <params>
            <param index="0">
              <value>
                <![CDATA[Chrome]]>
              </value>
            </param>
          </params>
          <reporter-output>
          </reporter-output>
        </test-method> <!-- createDriver -->
        <test-method is-config="true" signature="createDriver(java.lang.String)[pri:0, instance:quangtester.testcase.LoginTest@997d532]" started-at="2023-06-17T20:29:12 ICT" name="createDriver" finished-at="2023-06-17T20:29:16 ICT" duration-ms="4161" status="PASS">
          <params>
            <param index="0">
              <value>
                <![CDATA[Chrome]]>
              </value>
            </param>
          </params>
          <reporter-output>
          </reporter-output>
        </test-method> <!-- createDriver -->
        <test-method is-config="true" signature="createDriver(java.lang.String)[pri:0, instance:quangtester.testcase.LoginTest@997d532]" started-at="2023-06-17T20:29:12 ICT" name="createDriver" finished-at="2023-06-17T20:29:16 ICT" duration-ms="4161" status="PASS">
          <params>
            <param index="0">
              <value>
                <![CDATA[Chrome]]>
              </value>
            </param>
          </params>
          <reporter-output>
          </reporter-output>
        </test-method> <!-- createDriver -->
        <test-method is-config="true" signature="createDriver(java.lang.String)[pri:0, instance:quangtester.testcase.LoginTest@997d532]" started-at="2023-06-17T20:29:12 ICT" name="createDriver" finished-at="2023-06-17T20:29:16 ICT" duration-ms="4005" status="PASS">
          <params>
            <param index="0">
              <value>
                <![CDATA[Chrome]]>
              </value>
            </param>
          </params>
          <reporter-output>
          </reporter-output>
        </test-method> <!-- createDriver -->
        <test-method is-config="true" signature="createDriver(java.lang.String)[pri:0, instance:quangtester.testcase.LoginTest@997d532]" started-at="2023-06-17T20:29:14 ICT" name="createDriver" finished-at="2023-06-17T20:29:16 ICT" duration-ms="2644" status="PASS">
          <params>
            <param index="0">
              <value>
                <![CDATA[Chrome]]>
              </value>
            </param>
          </params>
          <reporter-output>
          </reporter-output>
        </test-method> <!-- createDriver -->
        <test-method signature="loginTestDataProvider(java.lang.String,java.lang.String)[pri:0, instance:quangtester.testcase.LoginTest@997d532]" started-at="2023-06-17T20:29:16 ICT" name="loginTestDataProvider" data-provider="dataLoginVieon" finished-at="2023-06-17T20:29:21 ICT" duration-ms="4482" status="FAIL">
          <params>
            <param index="0">
              <value>
                <![CDATA[VieonDpoint123]]>
              </value>
            </param>
            <param index="1">
              <value>
                <![CDATA[Dpoint@2021]]>
              </value>
            </param>
          </params>
          <exception class="java.lang.AssertionError">
            <message>
              <![CDATA[Login không thành công expected [true] but found [false]]]>
            </message>
            <full-stacktrace>
              <![CDATA[java.lang.AssertionError: Login không thành công expected [true] but found [false]
at org.testng.Assert.fail(Assert.java:99)
at org.testng.Assert.failNotEquals(Assert.java:1037)
at org.testng.Assert.assertTrue(Assert.java:45)
at quangtester.pages.LoginPage.login(LoginPage.java:53)
at quangtester.testcase.LoginTest.loginTestDataProvider(LoginTest.java:24)
at java.base/jdk.internal.reflect.NativeMethodAccessorImpl.invoke0(Native Method)
at java.base/jdk.internal.reflect.NativeMethodAccessorImpl.invoke(NativeMethodAccessorImpl.java:64)
at java.base/jdk.internal.reflect.DelegatingMethodAccessorImpl.invoke(DelegatingMethodAccessorImpl.java:43)
at java.base/java.lang.reflect.Method.invoke(Method.java:564)
at org.testng.internal.MethodInvocationHelper.invokeMethod(MethodInvocationHelper.java:133)
at org.testng.internal.TestInvoker.invokeMethod(TestInvoker.java:598)
at org.testng.internal.TestInvoker.invokeTestMethod(TestInvoker.java:173)
at org.testng.internal.MethodRunner.runInSequence(MethodRunner.java:46)
at org.testng.internal.TestInvoker$MethodInvocationAgent.invoke(TestInvoker.java:824)
at org.testng.internal.TestInvoker.invokeTestMethods(TestInvoker.java:146)
at org.testng.internal.TestMethodWorker.invokeTestMethods(TestMethodWorker.java:146)
at org.testng.internal.TestMethodWorker.run(TestMethodWorker.java:128)
at java.base/java.util.concurrent.ThreadPoolExecutor.runWorker(ThreadPoolExecutor.java:1130)
at java.base/java.util.concurrent.ThreadPoolExecutor$Worker.run(ThreadPoolExecutor.java:630)
at java.base/java.lang.Thread.run(Thread.java:832)
]]>
            </full-stacktrace>
          </exception> <!-- java.lang.AssertionError -->
          <reporter-output>
          </reporter-output>
        </test-method> <!-- loginTestDataProvider -->
        <test-method signature="loginTestFailure()[pri:0, instance:quangtester.testcase.LoginTest@997d532]" started-at="2023-06-17T20:29:16 ICT" name="loginTestFailure" finished-at="2023-06-17T20:29:25 ICT" duration-ms="8165" status="PASS">
          <reporter-output>
          </reporter-output>
        </test-method> <!-- loginTestFailure -->
        <test-method signature="loginTestExcel()[pri:0, instance:quangtester.testcase.LoginTest@997d532]" started-at="2023-06-17T20:29:17 ICT" name="loginTestExcel" finished-at="2023-06-17T20:29:27 ICT" duration-ms="10243" status="PASS">
          <reporter-output>
          </reporter-output>
        </test-method> <!-- loginTestExcel -->
        <test-method signature="loginTestDataProviderExcel(java.lang.String,java.lang.String)[pri:0, instance:quangtester.testcase.LoginTest@997d532]" started-at="2023-06-17T20:29:17 ICT" name="loginTestDataProviderExcel" data-provider="data_provider_login_excel" finished-at="2023-06-17T20:29:27 ICT" duration-ms="10726" status="PASS">
          <params>
            <param index="0">
              <value>
                <![CDATA[VieonDpoint]]>
              </value>
            </param>
            <param index="1">
              <value>
                <![CDATA[Dpoint@2021]]>
              </value>
            </param>
          </params>
          <reporter-output>
          </reporter-output>
        </test-method> <!-- loginTestDataProviderExcel -->
        <test-method signature="loginTestSuccessExcel()[pri:0, instance:quangtester.testcase.LoginTest@997d532]" started-at="2023-06-17T20:29:17 ICT" name="loginTestSuccessExcel" finished-at="2023-06-17T20:29:27 ICT" duration-ms="10956" status="PASS">
          <reporter-output>
          </reporter-output>
        </test-method> <!-- loginTestSuccessExcel -->
        <test-method is-config="true" signature="closeDriver()[pri:0, instance:quangtester.testcase.LoginTest@997d532]" started-at="2023-06-17T20:29:22 ICT" name="closeDriver" finished-at="2023-06-17T20:29:23 ICT" duration-ms="760" status="PASS">
          <reporter-output>
          </reporter-output>
        </test-method> <!-- closeDriver -->
        <test-method is-config="true" signature="createDriver(java.lang.String)[pri:0, instance:quangtester.testcase.LoginTest@997d532]" started-at="2023-06-17T20:29:23 ICT" name="createDriver" finished-at="2023-06-17T20:29:24 ICT" duration-ms="1436" status="PASS">
          <params>
            <param index="0">
              <value>
                <![CDATA[Chrome]]>
              </value>
            </param>
          </params>
          <reporter-output>
          </reporter-output>
        </test-method> <!-- createDriver -->
        <test-method signature="loginTestDataProvider(java.lang.String,java.lang.String)[pri:0, instance:quangtester.testcase.LoginTest@997d532]" started-at="2023-06-17T20:29:24 ICT" name="loginTestDataProvider" data-provider="dataLoginVieon" finished-at="2023-06-17T20:29:33 ICT" duration-ms="9333" status="PASS">
          <params>
            <param index="0">
              <value>
                <![CDATA[VieonDpoint]]>
              </value>
            </param>
            <param index="1">
              <value>
                <![CDATA[Dpoint@2021]]>
              </value>
            </param>
          </params>
          <reporter-output>
          </reporter-output>
        </test-method> <!-- loginTestDataProvider -->
        <test-method is-config="true" signature="closeDriver()[pri:0, instance:quangtester.testcase.LoginTest@997d532]" started-at="2023-06-17T20:29:25 ICT" name="closeDriver" finished-at="2023-06-17T20:29:25 ICT" duration-ms="618" status="PASS">
          <reporter-output>
          </reporter-output>
        </test-method> <!-- closeDriver -->
        <test-method is-config="true" signature="closeDriver()[pri:0, instance:quangtester.testcase.LoginTest@997d532]" started-at="2023-06-17T20:29:27 ICT" name="closeDriver" finished-at="2023-06-17T20:29:27 ICT" duration-ms="613" status="PASS">
          <reporter-output>
          </reporter-output>
        </test-method> <!-- closeDriver -->
        <test-method is-config="true" signature="closeDriver()[pri:0, instance:quangtester.testcase.LoginTest@997d532]" started-at="2023-06-17T20:29:27 ICT" name="closeDriver" finished-at="2023-06-17T20:29:28 ICT" duration-ms="609" status="PASS">
          <reporter-output>
          </reporter-output>
        </test-method> <!-- closeDriver -->
        <test-method is-config="true" signature="closeDriver()[pri:0, instance:quangtester.testcase.LoginTest@997d532]" started-at="2023-06-17T20:29:27 ICT" name="closeDriver" finished-at="2023-06-17T20:29:28 ICT" duration-ms="612" status="PASS">
          <reporter-output>
          </reporter-output>
        </test-method> <!-- closeDriver -->
        <test-method is-config="true" signature="closeDriver()[pri:0, instance:quangtester.testcase.LoginTest@997d532]" started-at="2023-06-17T20:29:33 ICT" name="closeDriver" finished-at="2023-06-17T20:29:34 ICT" duration-ms="590" status="PASS">
          <reporter-output>
          </reporter-output>
        </test-method> <!-- closeDriver -->
      </class> <!-- quangtester.testcase.LoginTest -->
    </test> <!-- Login Test on browser -->
  </suite> <!-- Test Login -->
</testng-results>
