<?xml version="1.0" encoding="UTF-8"?>
<testsuite xmlns:xsi="http://www.w3.org/2001/XMLSchema-instance" xsi:noNamespaceSchemaLocation="https://maven.apache.org/surefire/maven-surefire-plugin/xsd/surefire-test-report-3.0.xsd" version="3.0" name="TestSuite" time="22.43" tests="8" errors="0" skipped="0" failures="1">
  <properties>
[...]
</properties>
  <testcase name="loginTestDataProvider[VieonDpoint123, Dpoint@2021](1)" classname="quangtester.testcase.LoginTest" time="4.968">
    <failure message="Login không thành công expected [true] but found [false]" type="java.lang.AssertionError"><![CDATA[java.lang.AssertionError: Login không thành công expected [true] but found [false]
	at org.testng.Assert.fail(Assert.java:99)
	at org.testng.Assert.failNotEquals(Assert.java:1037)
	at org.testng.Assert.assertTrue(Assert.java:45)
	at quangtester.pages.LoginPage.login(LoginPage.java:53)
	at quangtester.testcase.LoginTest.loginTestDataProvider(LoginTest.java:24)
	at java.base/jdk.internal.reflect.NativeMethodAccessorImpl.invoke0(Native Method)
	at java.base/jdk.internal.reflect.NativeMethodAccessorImpl.invoke(NativeMethodAccessorImpl.java:64)
	at java.base/jdk.internal.reflect.DelegatingMethodAccessorImpl.invoke(DelegatingMethodAccessorImpl.java:43)
	at java.base/java.lang.reflect.Method.invoke(Method.java:564)
	at org.testng.internal.MethodInvocationHelper.invokeMethod(MethodInvocationHelper.java:133)
	at org.testng.internal.TestInvoker.invokeMethod(TestInvoker.java:598)
	at org.testng.internal.TestInvoker.invokeTestMethod(TestInvoker.java:173)
	at org.testng.internal.MethodRunner.runInSequence(MethodRunner.java:46)
	at org.testng.internal.TestInvoker$MethodInvocationAgent.invoke(TestInvoker.java:824)
	at org.testng.internal.TestInvoker.invokeTestMethods(TestInvoker.java:146)
	at org.testng.internal.TestMethodWorker.invokeTestMethods(TestMethodWorker.java:146)
	at org.testng.internal.TestMethodWorker.run(TestMethodWorker.java:128)
	at java.base/java.util.concurrent.ThreadPoolExecutor.runWorker(ThreadPoolExecutor.java:1130)
	at java.base/java.util.concurrent.ThreadPoolExecutor$Worker.run(ThreadPoolExecutor.java:630)
	at java.base/java.lang.Thread.run(Thread.java:832)
]]></failure>
    <system-out><![CDATA[ERROR StatusConsoleListener File contains an invalid element or attribute "filePattern"
2 - 2
Login Data from Excel: [[Ljava.lang.Object;@642a0375
[INFO] 17-06-2023 20:29:14 [TestNG-test=Login Test on browser-2] LogUtils - Launching Chrome Browser...
[INFO] 17-06-2023 20:29:16 [TestNG-test=Login Test on browser-1] LogUtils - ?ang ch?y testcase loginTestDataProvider
[INFO] 17-06-2023 20:29:16 [TestNG-test=Login Test on browser-4] LogUtils - ?ang ch?y testcase loginTestFailure
[INFO] 17-06-2023 20:29:16 [TestNG-test=Login Test on browser 1-1] LogUtils - ?ang ch?y testcase openSideBarMenu
[INFO] 17-06-2023 20:29:16 [TestNG-test=Login Test on browser 1-2] LogUtils - ?ang ch?y testcase openVieonTier
[INFO] 17-06-2023 20:29:17 [TestNG-test=Login Test on browser-2] LogUtils - ?ang ch?y testcase loginTestDataProviderExcel
[INFO] 17-06-2023 20:29:17 [TestNG-test=Login Test on browser-5] LogUtils - ?ang ch?y testcase loginTestSuccessExcel
[INFO] 17-06-2023 20:29:17 [TestNG-test=Login Test on browser-3] LogUtils - ?ang ch?y testcase loginTestExcel
[INFO] 17-06-2023 20:29:20 [TestNG-test=Login Test on browser-1] LogUtils - Get Text of Element By.xpath: //h1[normalize-space()='??ng nh?p']
[INFO] 17-06-2023 20:29:20 [TestNG-test=Login Test on browser-1] LogUtils - =>>Text ??ng nh?p
[INFO] 17-06-2023 20:29:20 [TestNG-test=Login Test on browser-1] LogUtils - Set text VieonDpoint123 on element By.xpath: //input[@placeholder='Nh?p tên ??ng nh?p']
[INFO] 17-06-2023 20:29:20 [TestNG-test=Login Test on browser-1] LogUtils - Set text Dpoint@2021 on element By.xpath: //input[@placeholder ='M?t kh?u']
[INFO] 17-06-2023 20:29:21 [TestNG-test=Login Test on browser 1-1] LogUtils - Get Text of Element By.xpath: //h1[normalize-space()='??ng nh?p']
[INFO] 17-06-2023 20:29:21 [TestNG-test=Login Test on browser-3] LogUtils - Get Text of Element By.xpath: //h1[normalize-space()='??ng nh?p']
[INFO] 17-06-2023 20:29:21 [TestNG-test=Login Test on browser 1-1] LogUtils - =>>Text ??ng nh?p
[INFO] 17-06-2023 20:29:21 [TestNG-test=Login Test on browser-4] LogUtils - Get Text of Element By.xpath: //h1[normalize-space()='??ng nh?p']
[INFO] 17-06-2023 20:29:21 [TestNG-test=Login Test on browser-3] LogUtils - =>>Text ??ng nh?p
[INFO] 17-06-2023 20:29:21 [TestNG-test=Login Test on browser-4] LogUtils - =>>Text ??ng nh?p
[INFO] 17-06-2023 20:29:21 [TestNG-test=Login Test on browser 1-2] LogUtils - Get Text of Element By.xpath: //h1[normalize-space()='??ng nh?p']
[INFO] 17-06-2023 20:29:21 [TestNG-test=Login Test on browser 1-2] LogUtils - =>>Text ??ng nh?p
[INFO] 17-06-2023 20:29:21 [TestNG-test=Login Test on browser 1-1] LogUtils - Set text VieonDpoint on element By.xpath: //input[@placeholder='Nh?p tên ??ng nh?p']
[INFO] 17-06-2023 20:29:21 [TestNG-test=Login Test on browser-3] LogUtils - Set text VieonDpoint on element By.xpath: //input[@placeholder='Nh?p tên ??ng nh?p']
[ERROR] 17-06-2023 20:29:21 [TestNG-test=Login Test on browser-1] LogUtils - ?ây là test case b? fail: loginTestDataProvider
[INFO] 17-06-2023 20:29:21 [TestNG-test=Login Test on browser-4] LogUtils - Set text VieonDpoint on element By.xpath: //input[@placeholder='Nh?p tên ??ng nh?p']
[INFO] 17-06-2023 20:29:21 [TestNG-test=Login Test on browser 1-2] LogUtils - Set text VieonDpoint on element By.xpath: //input[@placeholder='Nh?p tên ??ng nh?p']
[INFO] 17-06-2023 20:29:21 [TestNG-test=Login Test on browser 1-1] LogUtils - Set text Dpoint@2021 on element By.xpath: //input[@placeholder ='M?t kh?u']
[INFO] 17-06-2023 20:29:21 [TestNG-test=Login Test on browser-4] LogUtils - Set text 1 on element By.xpath: //input[@placeholder ='M?t kh?u']
[INFO] 17-06-2023 20:29:21 [TestNG-test=Login Test on browser-3] LogUtils - Set text Dpoint@2021 on element By.xpath: //input[@placeholder ='M?t kh?u']
Screenshot taken: loginTestDataProvider
Screenshot taken current URL: https://doanhnghiep-development.dpoint.vn/login
[ERROR] 17-06-2023 20:29:21 [TestNG-test=Login Test on browser-1] LogUtils - java.lang.AssertionError: Login không thành công expected [true] but found [false]
[INFO] 17-06-2023 20:29:21 [TestNG-test=Login Test on browser-2] LogUtils - Get Text of Element By.xpath: //h1[normalize-space()='??ng nh?p']
[INFO] 17-06-2023 20:29:21 [TestNG-test=Login Test on browser 1-2] LogUtils - Set text Dpoint@2021 on element By.xpath: //input[@placeholder ='M?t kh?u']
[INFO] 17-06-2023 20:29:21 [TestNG-test=Login Test on browser-2] LogUtils - =>>Text ??ng nh?p
[INFO] 17-06-2023 20:29:21 [TestNG-test=Login Test on browser-5] LogUtils - Get Text of Element By.xpath: //h1[normalize-space()='??ng nh?p']
[INFO] 17-06-2023 20:29:21 [TestNG-test=Login Test on browser-5] LogUtils - =>>Text ??ng nh?p
[INFO] 17-06-2023 20:29:22 [TestNG-test=Login Test on browser-2] LogUtils - Set text VieonDpoint on element By.xpath: //input[@placeholder='Nh?p tên ??ng nh?p']
[INFO] 17-06-2023 20:29:22 [TestNG-test=Login Test on browser-5] LogUtils - Set text VieonDpoint on element By.xpath: //input[@placeholder='Nh?p tên ??ng nh?p']
]]></system-out>
    <system-err><![CDATA[[TestNG-test=Login Test on browser 1-1] INFO io.github.bonigarcia.wdm.WebDriverManager - Using chromedriver 114.0.5735.90 (resolved driver for Chrome 114)
[TestNG-test=Login Test on browser-5] INFO io.github.bonigarcia.wdm.WebDriverManager - Using chromedriver 114.0.5735.90 (resolved driver for Chrome 114)
[TestNG-test=Login Test on browser 1-2] INFO io.github.bonigarcia.wdm.WebDriverManager - Using chromedriver 114.0.5735.90 (resolved driver for Chrome 114)
[TestNG-test=Login Test on browser-1] INFO io.github.bonigarcia.wdm.WebDriverManager - Using chromedriver 114.0.5735.90 (resolved driver for Chrome 114)
[TestNG-test=Login Test on browser-4] INFO io.github.bonigarcia.wdm.WebDriverManager - Using chromedriver 114.0.5735.90 (resolved driver for Chrome 114)
[TestNG-test=Login Test on browser-3] INFO io.github.bonigarcia.wdm.WebDriverManager - Using chromedriver 114.0.5735.90 (resolved driver for Chrome 114)
[TestNG-test=Login Test on browser-3] INFO io.github.bonigarcia.wdm.WebDriverManager - Exporting webdriver.chrome.driver as C:\Users\Admins\.cache\selenium\chromedriver\win32\114.0.5735.90\chromedriver.exe
[TestNG-test=Login Test on browser-5] INFO io.github.bonigarcia.wdm.WebDriverManager - Exporting webdriver.chrome.driver as C:\Users\Admins\.cache\selenium\chromedriver\win32\114.0.5735.90\chromedriver.exe
[TestNG-test=Login Test on browser-1] INFO io.github.bonigarcia.wdm.WebDriverManager - Exporting webdriver.chrome.driver as C:\Users\Admins\.cache\selenium\chromedriver\win32\114.0.5735.90\chromedriver.exe
[TestNG-test=Login Test on browser 1-1] INFO io.github.bonigarcia.wdm.WebDriverManager - Exporting webdriver.chrome.driver as C:\Users\Admins\.cache\selenium\chromedriver\win32\114.0.5735.90\chromedriver.exe
[TestNG-test=Login Test on browser-4] INFO io.github.bonigarcia.wdm.WebDriverManager - Exporting webdriver.chrome.driver as C:\Users\Admins\.cache\selenium\chromedriver\win32\114.0.5735.90\chromedriver.exe
[TestNG-test=Login Test on browser 1-2] INFO io.github.bonigarcia.wdm.WebDriverManager - Exporting webdriver.chrome.driver as C:\Users\Admins\.cache\selenium\chromedriver\win32\114.0.5735.90\chromedriver.exe
[TestNG-test=Login Test on browser-2] INFO io.github.bonigarcia.wdm.WebDriverManager - Using chromedriver 114.0.5735.90 (resolved driver for Chrome 114)
[TestNG-test=Login Test on browser-2] INFO io.github.bonigarcia.wdm.WebDriverManager - Exporting webdriver.chrome.driver as C:\Users\Admins\.cache\selenium\chromedriver\win32\114.0.5735.90\chromedriver.exe
Starting ChromeDriver 114.0.5735.90 (386bc09e8f4f2e025eddae123f36f6263096ae49-refs/branch-heads/5735@{#1052}) on port 48144
Only local connections are allowed.
Please see https://chromedriver.chromium.org/security-considerations for suggestions on keeping ChromeDriver safe.
Starting ChromeDriver 114.0.5735.90 (386bc09e8f4f2e025eddae123f36f6263096ae49-refs/branch-heads/5735@{#1052}) on port 12955
Only local connections are allowed.
Please see https://chromedriver.chromium.org/security-considerations for suggestions on keeping ChromeDriver safe.
ChromeDriver was started successfully.
Starting ChromeDriver 114.0.5735.90 (386bc09e8f4f2e025eddae123f36f6263096ae49-refs/branch-heads/5735@{#1052}) on port 19258
Only local connections are allowed.
Please see https://chromedriver.chromium.org/security-considerations for suggestions on keeping ChromeDriver safe.
ChromeDriver was started successfully.
ChromeDriver was started successfully.
Starting ChromeDriver 114.0.5735.90 (386bc09e8f4f2e025eddae123f36f6263096ae49-refs/branch-heads/5735@{#1052}) on port 18850
Only local connections are allowed.
Please see https://chromedriver.chromium.org/security-considerations for suggestions on keeping ChromeDriver safe.
Starting ChromeDriver 114.0.5735.90 (386bc09e8f4f2e025eddae123f36f6263096ae49-refs/branch-heads/5735@{#1052}) on port 40992
Only local connections are allowed.
Please see https://chromedriver.chromium.org/security-considerations for suggestions on keeping ChromeDriver safe.
Starting ChromeDriver 114.0.5735.90 (386bc09e8f4f2e025eddae123f36f6263096ae49-refs/branch-heads/5735@{#1052}) on port 25005
Only local connections are allowed.
Please see https://chromedriver.chromium.org/security-considerations for suggestions on keeping ChromeDriver safe.
CChhrroommeeDDrriivveerr  wwaass  ssttaarrtteedd  ssuucccceessssffuullllyy..

ChromeDriver was started successfully.
Starting ChromeDriver 114.0.5735.90 (386bc09e8f4f2e025eddae123f36f6263096ae49-refs/branch-heads/5735@{#1052}) on port 3291
Only local connections are allowed.
Please see https://chromedriver.chromium.org/security-considerations for suggestions on keeping ChromeDriver safe.
ChromeDriver was started successfully.
Jun 17, 2023 8:29:16 PM org.openqa.selenium.devtools.CdpVersionFinder findNearestMatch
WARNING: Unable to find an exact match for CDP version 114, so returning the closest version found: 113
Jun 17, 2023 8:29:16 PM org.openqa.selenium.devtools.CdpVersionFinder findNearestMatch
WARNING: Unable to find an exact match for CDP version 114, so returning the closest version found: 113
Jun 17, 2023 8:29:16 PM org.openqa.selenium.devtools.CdpVersionFinder findNearestMatch
WARNING: Unable to find an exact match for CDP version 114, so returning the closest version found: 113
Jun 17, 2023 8:29:16 PM org.openqa.selenium.devtools.CdpVersionFinder findNearestMatch
WARNING: Unable to find an exact match for CDP version 114, so returning the closest version found: 113
Jun 17, 2023 8:29:16 PM org.openqa.selenium.devtools.CdpVersionFinder findNearestMatch
WARNING: Unable to find an exact match for CDP version 114, so returning the closest version found: 113
Jun 17, 2023 8:29:16 PM org.openqa.selenium.devtools.CdpVersionFinder findNearestMatch
WARNING: Unable to find an exact match for CDP version 114, so returning the closest version found: 113
Jun 17, 2023 8:29:16 PM org.openqa.selenium.devtools.CdpVersionFinder findNearestMatch
WARNING: Unable to find an exact match for CDP version 114, so returning the closest version found: 113
]]></system-err>
  </testcase>
  <testcase name="loginTestFailure" classname="quangtester.testcase.LoginTest" time="0.665">
    <system-out><![CDATA[[INFO] 17-06-2023 20:29:22 [TestNG-test=Login Test on browser-2] LogUtils - Set text Dpoint@2021 on element By.xpath: //input[@placeholder ='M?t kh?u']
[INFO] 17-06-2023 20:29:22 [TestNG-test=Login Test on browser-5] LogUtils - Set text Dpoint@2021 on element By.xpath: //input[@placeholder ='M?t kh?u']
[INFO] 17-06-2023 20:29:23 [TestNG-test=Login Test on browser-1] LogUtils - Launching Chrome Browser...
[INFO] 17-06-2023 20:29:24 [TestNG-test=Login Test on browser-1] LogUtils - ?ang ch?y testcase loginTestDataProvider
[INFO] 17-06-2023 20:29:25 [TestNG-test=Login Test on browser-4] LogUtils - Get Text of Element By.xpath: //div[@role='alert']
[INFO] 17-06-2023 20:29:25 [TestNG-test=Login Test on browser-4] LogUtils - =>>Text Tài kho?n ho?c m?t kh?u không chính xác. Xin vui lòng th? l?i
[INFO] 17-06-2023 20:29:25 [TestNG-test=Login Test on browser-4] LogUtils - ?ây là test case ch?y thành công: loginTestFailure
]]></system-out>
    <system-err><![CDATA[[AsyncHttpClient-1-10] WARN org.asynchttpclient.netty.handler.WebSocketHandler - onError
java.net.SocketException: Connection reset
	at java.base/sun.nio.ch.SocketChannelImpl.throwConnectionReset(SocketChannelImpl.java:367)
	at java.base/sun.nio.ch.SocketChannelImpl.read(SocketChannelImpl.java:398)
	at io.netty.buffer.PooledByteBuf.setBytes(PooledByteBuf.java:256)
	at io.netty.buffer.AbstractByteBuf.writeBytes(AbstractByteBuf.java:1132)
	at io.netty.channel.socket.nio.NioSocketChannel.doReadBytes(NioSocketChannel.java:357)
	at io.netty.channel.nio.AbstractNioByteChannel$NioByteUnsafe.read(AbstractNioByteChannel.java:151)
	at io.netty.channel.nio.NioEventLoop.processSelectedKey(NioEventLoop.java:788)
	at io.netty.channel.nio.NioEventLoop.processSelectedKeysOptimized(NioEventLoop.java:724)
	at io.netty.channel.nio.NioEventLoop.processSelectedKeys(NioEventLoop.java:650)
	at io.netty.channel.nio.NioEventLoop.run(NioEventLoop.java:562)
	at io.netty.util.concurrent.SingleThreadEventExecutor$4.run(SingleThreadEventExecutor.java:997)
	at io.netty.util.internal.ThreadExecutorMap$2.run(ThreadExecutorMap.java:74)
	at io.netty.util.concurrent.FastThreadLocalRunnable.run(FastThreadLocalRunnable.java:30)
	at java.base/java.lang.Thread.run(Thread.java:832)
Jun 17, 2023 8:29:22 PM org.openqa.selenium.remote.http.WebSocket$Listener onError
WARNING: Connection reset
java.net.SocketException: Connection reset
	at java.base/sun.nio.ch.SocketChannelImpl.throwConnectionReset(SocketChannelImpl.java:367)
	at java.base/sun.nio.ch.SocketChannelImpl.read(SocketChannelImpl.java:398)
	at io.netty.buffer.PooledByteBuf.setBytes(PooledByteBuf.java:256)
	at io.netty.buffer.AbstractByteBuf.writeBytes(AbstractByteBuf.java:1132)
	at io.netty.channel.socket.nio.NioSocketChannel.doReadBytes(NioSocketChannel.java:357)
	at io.netty.channel.nio.AbstractNioByteChannel$NioByteUnsafe.read(AbstractNioByteChannel.java:151)
	at io.netty.channel.nio.NioEventLoop.processSelectedKey(NioEventLoop.java:788)
	at io.netty.channel.nio.NioEventLoop.processSelectedKeysOptimized(NioEventLoop.java:724)
	at io.netty.channel.nio.NioEventLoop.processSelectedKeys(NioEventLoop.java:650)
	at io.netty.channel.nio.NioEventLoop.run(NioEventLoop.java:562)
	at io.netty.util.concurrent.SingleThreadEventExecutor$4.run(SingleThreadEventExecutor.java:997)
	at io.netty.util.internal.ThreadExecutorMap$2.run(ThreadExecutorMap.java:74)
	at io.netty.util.concurrent.FastThreadLocalRunnable.run(FastThreadLocalRunnable.java:30)
	at java.base/java.lang.Thread.run(Thread.java:832)

[TestNG-test=Login Test on browser-1] INFO io.github.bonigarcia.wdm.WebDriverManager - Using chromedriver 114.0.5735.90 (resolved driver for Chrome 114)
[TestNG-test=Login Test on browser-1] INFO io.github.bonigarcia.wdm.WebDriverManager - Exporting webdriver.chrome.driver as C:\Users\Admins\.cache\selenium\chromedriver\win32\114.0.5735.90\chromedriver.exe
Starting ChromeDriver 114.0.5735.90 (386bc09e8f4f2e025eddae123f36f6263096ae49-refs/branch-heads/5735@{#1052}) on port 39999
Only local connections are allowed.
Please see https://chromedriver.chromium.org/security-considerations for suggestions on keeping ChromeDriver safe.
ChromeDriver was started successfully.
Jun 17, 2023 8:29:24 PM org.openqa.selenium.devtools.CdpVersionFinder findNearestMatch
WARNING: Unable to find an exact match for CDP version 114, so returning the closest version found: 113
]]></system-err>
  </testcase>
  <testcase name="loginTestExcel" classname="quangtester.testcase.LoginTest" time="2.799">
    <system-out><![CDATA[[INFO] 17-06-2023 20:29:27 [TestNG-test=Login Test on browser-3] LogUtils - ?ây là test case ch?y thành công: loginTestExcel
]]></system-out>
  </testcase>
  <testcase name="loginTestDataProviderExcel[VieonDpoint, Dpoint@2021](1)" classname="quangtester.testcase.LoginTest" time="3.282">
    <system-out><![CDATA[[INFO] 17-06-2023 20:29:27 [TestNG-test=Login Test on browser 1-1] LogUtils - Get Text of Element By.xpath: //li[normalize-space()='Trang ch?']
[INFO] 17-06-2023 20:29:27 [TestNG-test=Login Test on browser 1-1] LogUtils - =>>Text Trang ch?
[INFO] 17-06-2023 20:29:27 [TestNG-test=Login Test on browser-2] LogUtils - ?ây là test case ch?y thành công: loginTestDataProviderExcel
]]></system-out>
  </testcase>
  <testcase name="loginTestSuccessExcel" classname="quangtester.testcase.LoginTest" time="3.512">
    <system-out><![CDATA[[INFO] 17-06-2023 20:29:27 [TestNG-test=Login Test on browser-5] LogUtils - ?ây là test case ch?y thành công: loginTestSuccessExcel
]]></system-out>
  </testcase>
  <testcase name="loginTestDataProvider[VieonDpoint, Dpoint@2021](2)" classname="quangtester.testcase.LoginTest" time="9.333">
    <system-out><![CDATA[[INFO] 17-06-2023 20:29:33 [TestNG-test=Login Test on browser-1] LogUtils - ?ây là test case ch?y thành công: loginTestDataProvider
]]></system-out>
  </testcase>
  <testcase name="openSideBarMenu" classname="quangtester.testcase.DashboardTest" time="6.717">
    <system-out><![CDATA[[INFO] 17-06-2023 20:29:28 [TestNG-test=Login Test on browser-1] LogUtils - Get Text of Element By.xpath: //h1[normalize-space()='??ng nh?p']
[INFO] 17-06-2023 20:29:28 [TestNG-test=Login Test on browser-1] LogUtils - =>>Text ??ng nh?p
[INFO] 17-06-2023 20:29:28 [TestNG-test=Login Test on browser-1] LogUtils - Set text VieonDpoint on element By.xpath: //input[@placeholder='Nh?p tên ??ng nh?p']
[INFO] 17-06-2023 20:29:28 [TestNG-test=Login Test on browser-1] LogUtils - Set text Dpoint@2021 on element By.xpath: //input[@placeholder ='M?t kh?u']
[INFO] 17-06-2023 20:29:28 [TestNG-test=Login Test on browser 1-2] LogUtils - Get Text of Element By.xpath: //li[normalize-space()='Trang ch?']
[INFO] 17-06-2023 20:29:28 [TestNG-test=Login Test on browser 1-2] LogUtils - =>>Text Trang ch?
[INFO] 17-06-2023 20:29:31 [TestNG-test=Login Test on browser 1-1] LogUtils - Get Text of Element By.xpath: //a[normalize-space()='Ch??ng trình loyalty']
[INFO] 17-06-2023 20:29:31 [TestNG-test=Login Test on browser 1-1] LogUtils - =>>Text Ch??ng trình loyalty
[INFO] 17-06-2023 20:29:31 [TestNG-test=Login Test on browser 1-1] LogUtils - ?ây là test case ch?y thành công: openSideBarMenu
]]></system-out>
  </testcase>
  <testcase name="openVieonTier" classname="quangtester.testcase.DashboardTest" time="8.885">
    <system-out><![CDATA[[INFO] 17-06-2023 20:29:32 [TestNG-test=Login Test on browser 1-2] LogUtils - Get Text of Element By.xpath: //a[normalize-space()='Ch??ng trình loyalty']
[INFO] 17-06-2023 20:29:32 [TestNG-test=Login Test on browser 1-2] LogUtils - =>>Text Ch??ng trình loyalty
[INFO] 17-06-2023 20:29:33 [TestNG-test=Login Test on browser 1-2] LogUtils - Get Text of Element By.xpath: //a[text()='H?ng thành viên']
[INFO] 17-06-2023 20:29:33 [TestNG-test=Login Test on browser 1-2] LogUtils - =>>Text H?ng thành viên
[INFO] 17-06-2023 20:29:33 [TestNG-test=Login Test on browser 1-2] LogUtils - ?ây là test case ch?y thành công: openVieonTier
]]></system-out>
  </testcase>
</testsuite>